<?xml version="1.0" encoding="UTF-8"?>
<testsuite xmlns:xsi="http://www.w3.org/2001/XMLSchema-instance" xsi:noNamespaceSchemaLocation="https://maven.apache.org/surefire/maven-surefire-plugin/xsd/surefire-test-report.xsd" name="top.xcphoenix.groupblog.UserMapperTest" time="6.334" tests="1" errors="0" skipped="1" failures="0">
  <properties>
[...]
</properties>
  <testcase name="testTmp" classname="top.xcphoenix.groupblog.UserMapperTest" time="0">
    <skipped message="void top.xcphoenix.groupblog.UserMapperTest.testTmp() is @Disabled"/>
    <system-out><![CDATA[23:02:14,069 |-INFO in ch.qos.logback.classic.LoggerContext[default] - Could NOT find resource [logback-test.xml]
23:02:14,070 |-INFO in ch.qos.logback.classic.LoggerContext[default] - Could NOT find resource [logback.groovy]
23:02:14,070 |-INFO in ch.qos.logback.classic.LoggerContext[default] - Found resource [logback.xml] at [file:/home/xuanc/%E6%A1%8C%E9%9D%A2/GroupBlog/target/classes/logback.xml]
23:02:14,174 |-INFO in ch.qos.logback.classic.joran.action.ContextNameAction - Setting logger context name as [logback]
23:02:14,177 |-INFO in ch.qos.logback.core.joran.action.AppenderAction - About to instantiate appender of type [ch.qos.logback.core.ConsoleAppender]
23:02:14,182 |-INFO in ch.qos.logback.core.joran.action.AppenderAction - Naming appender as [stdout]
23:02:14,196 |-INFO in ch.qos.logback.core.joran.action.NestedComplexPropertyIA - Assuming default type [ch.qos.logback.classic.encoder.PatternLayoutEncoder] for [encoder] property
23:02:14,222 |-INFO in ch.qos.logback.core.joran.action.AppenderAction - About to instantiate appender of type [ch.qos.logback.core.rolling.RollingFileAppender]
23:02:14,226 |-INFO in ch.qos.logback.core.joran.action.AppenderAction - Naming appender as [file]
23:02:14,232 |-INFO in c.q.l.core.rolling.TimeBasedRollingPolicy@1041365481 - setting totalSizeCap to 200 MB
23:02:14,235 |-INFO in c.q.l.core.rolling.TimeBasedRollingPolicy@1041365481 - Will use gz compression
23:02:14,237 |-INFO in c.q.l.core.rolling.TimeBasedRollingPolicy@1041365481 - Will use the pattern ./logs/groupBlog.%d{yyyy-MM-dd.HH}.log for the active file
23:02:14,240 |-INFO in c.q.l.core.rolling.DefaultTimeBasedFileNamingAndTriggeringPolicy - The date pattern is 'yyyy-MM-dd.HH' from file name pattern './logs/groupBlog.%d{yyyy-MM-dd.HH}.log.gz'.
23:02:14,240 |-INFO in c.q.l.core.rolling.DefaultTimeBasedFileNamingAndTriggeringPolicy - Roll-over at the top of every hour.
23:02:14,256 |-INFO in c.q.l.core.rolling.DefaultTimeBasedFileNamingAndTriggeringPolicy - Setting initial period to Tue Jan 28 23:00:47 CST 2020
23:02:14,261 |-INFO in ch.qos.logback.core.joran.action.NestedComplexPropertyIA - Assuming default type [ch.qos.logback.classic.encoder.PatternLayoutEncoder] for [encoder] property
23:02:14,262 |-INFO in ch.qos.logback.core.rolling.RollingFileAppender[file] - Active log file name: ./logs/groupBlog.log
23:02:14,262 |-INFO in ch.qos.logback.core.rolling.RollingFileAppender[file] - File property is set to [./logs/groupBlog.log]
23:02:14,264 |-INFO in ch.qos.logback.classic.joran.action.RootLoggerAction - Setting level of ROOT logger to TRACE
23:02:14,264 |-INFO in ch.qos.logback.core.joran.action.AppenderRefAction - Attaching appender named [stdout] to Logger[ROOT]
23:02:14,265 |-INFO in ch.qos.logback.core.joran.action.AppenderRefAction - Attaching appender named [file] to Logger[ROOT]
23:02:14,265 |-INFO in ch.qos.logback.classic.joran.action.ConfigurationAction - End of configuration.
23:02:14,266 |-INFO in ch.qos.logback.classic.joran.JoranConfigurator@51c668e3 - Registering current configuration as safe fallback point
&amp#27;[1;30m20-01-28 15:02:14&amp#27;[0;39m &amp#27;[34mINFO&amp#27;[0;39m :: [main] &amp#27;[36mo.s.b.t.c.SpringBootTestContextBootstrapper&amp#27;[0;39m@&amp#27;[37m308&amp#27;[0;39m &amp#27;[1;30m~&amp#27;[0;39m &amp#27;[37mNeither @ContextConfiguration nor @ContextHierarchy found for test class [top.xcphoenix.groupblog.UserMapperTest], using SpringBootContextLoader
&amp#27;[0;39m&amp#27;[1;30m20-01-28 15:02:14&amp#27;[0;39m &amp#27;[34mINFO&amp#27;[0;39m :: [main] &amp#27;[36mo.s.t.c.s.AbstractContextLoader&amp#27;[0;39m@&amp#27;[37m264&amp#27;[0;39m &amp#27;[1;30m~&amp#27;[0;39m &amp#27;[37mCould not detect default resource locations for test class [top.xcphoenix.groupblog.UserMapperTest]: no resource found for suffixes {-context.xml, Context.groovy}.
&amp#27;[0;39m&amp#27;[1;30m20-01-28 15:02:14&amp#27;[0;39m &amp#27;[34mINFO&amp#27;[0;39m :: [main] &amp#27;[36mo.s.t.c.s.AnnotationConfigContextLoaderUtils&amp#27;[0;39m@&amp#27;[37m83&amp#27;[0;39m &amp#27;[1;30m~&amp#27;[0;39m &amp#27;[37mCould not detect default configuration classes for test class [top.xcphoenix.groupblog.UserMapperTest]: UserMapperTest does not declare any static, non-private, non-final, nested classes annotated with @Configuration.
&amp#27;[0;39m23:02:14,460 |-ERROR in ch.qos.logback.core.rolling.RollingFileAppender[file] - Appender [file] failed to append. java.lang.NullPointerException
	at java.lang.NullPointerException
	at 	at ch.qos.logback.core.rolling.helper.FileFilterUtil.afterLastSlash(FileFilterUtil.java:46)
	at 	at ch.qos.logback.core.rolling.TimeBasedRollingPolicy.rollover(TimeBasedRollingPolicy.java:166)
	at 	at ch.qos.logback.core.rolling.RollingFileAppender.attemptRollover(RollingFileAppender.java:211)
	at 	at ch.qos.logback.core.rolling.RollingFileAppender.rollover(RollingFileAppender.java:190)
	at 	at ch.qos.logback.core.rolling.RollingFileAppender.subAppend(RollingFileAppender.java:231)
	at 	at ch.qos.logback.core.OutputStreamAppender.append(OutputStreamAppender.java:102)
	at 	at ch.qos.logback.core.UnsynchronizedAppenderBase.doAppend(UnsynchronizedAppenderBase.java:84)
	at 	at ch.qos.logback.core.spi.AppenderAttachableImpl.appendLoopOnAppenders(AppenderAttachableImpl.java:51)
	at 	at ch.qos.logback.classic.Logger.appendLoopOnAppenders(Logger.java:270)
	at 	at ch.qos.logback.classic.Logger.callAppenders(Logger.java:257)
	at 	at ch.qos.logback.classic.Logger.buildLoggingEventAndAppend(Logger.java:421)
	at 	at ch.qos.logback.classic.Logger.filterAndLog_0_Or3Plus(Logger.java:383)
	at 	at ch.qos.logback.classic.Logger.log(Logger.java:765)
	at 	at org.apache.commons.logging.LogAdapter$Slf4jLocationAwareLog.debug(LogAdapter.java:463)
	at 	at org.springframework.test.context.support.ActiveProfilesUtils.resolveActiveProfiles(ActiveProfilesUtils.java:79)
	at 	at org.springframework.test.context.support.AbstractTestContextBootstrapper.buildMergedContextConfiguration(AbstractTestContextBootstrapper.java:390)
	at 	at org.springframework.test.context.support.AbstractTestContextBootstrapper.buildDefaultMergedContextConfiguration(AbstractTestContextBootstrapper.java:312)
	at 	at org.springframework.test.context.support.AbstractTestContextBootstrapper.buildMergedContextConfiguration(AbstractTestContextBootstrapper.java:265)
	at 	at org.springframework.test.context.support.AbstractTestContextBootstrapper.buildTestContext(AbstractTestContextBootstrapper.java:108)
	at 	at org.springframework.boot.test.context.SpringBootTestContextBootstrapper.buildTestContext(SpringBootTestContextBootstrapper.java:99)
	at 	at org.springframework.test.context.TestContextManager.<init>(TestContextManager.java:137)
	at 	at org.springframework.test.context.TestContextManager.<init>(TestContextManager.java:122)
	at 	at org.junit.jupiter.engine.execution.ExtensionValuesStore.lambda$getOrComputeIfAbsent$0(ExtensionValuesStore.java:81)
	at 	at org.junit.jupiter.engine.execution.ExtensionValuesStore$MemoizingSupplier.get(ExtensionValuesStore.java:182)
	at 	at org.junit.jupiter.engine.execution.ExtensionValuesStore.getOrComputeIfAbsent(ExtensionValuesStore.java:84)
	at 	at org.junit.jupiter.engine.execution.ExtensionValuesStore.getOrComputeIfAbsent(ExtensionValuesStore.java:88)
	at 	at org.junit.jupiter.engine.execution.NamespaceAwareStore.getOrComputeIfAbsent(NamespaceAwareStore.java:61)
	at 	at org.springframework.test.context.junit.jupiter.SpringExtension.getTestContextManager(SpringExtension.java:213)
	at 	at org.springframework.test.context.junit.jupiter.SpringExtension.beforeAll(SpringExtension.java:77)
	at 	at org.junit.jupiter.engine.descriptor.ClassBasedTestDescriptor.lambda$invokeBeforeAllCallbacks$7(ClassBasedTestDescriptor.java:355)
	at 	at org.junit.platform.engine.support.hierarchical.ThrowableCollector.execute(ThrowableCollector.java:73)
	at 	at org.junit.jupiter.engine.descriptor.ClassBasedTestDescriptor.invokeBeforeAllCallbacks(ClassBasedTestDescriptor.java:355)
	at 	at org.junit.jupiter.engine.descriptor.ClassBasedTestDescriptor.before(ClassBasedTestDescriptor.java:189)
	at 	at org.junit.jupiter.engine.descriptor.ClassBasedTestDescriptor.before(ClassBasedTestDescriptor.java:77)
	at 	at org.junit.platform.engine.support.hierarchical.NodeTestTask.lambda$executeRecursively$5(NodeTestTask.java:132)
	at 	at org.junit.platform.engine.support.hierarchical.ThrowableCollector.execute(ThrowableCollector.java:73)
	at 	at org.junit.platform.engine.support.hierarchical.NodeTestTask.lambda$executeRecursively$7(NodeTestTask.java:125)
	at 	at org.junit.platform.engine.support.hierarchical.Node.around(Node.java:135)
	at 	at org.junit.platform.engine.support.hierarchical.NodeTestTask.lambda$executeRecursively$8(NodeTestTask.java:123)
	at 	at org.junit.platform.engine.support.hierarchical.ThrowableCollector.execute(ThrowableCollector.java:73)
	at 	at org.junit.platform.engine.support.hierarchical.NodeTestTask.executeRecursively(NodeTestTask.java:122)
	at 	at org.junit.platform.engine.support.hierarchical.NodeTestTask.execute(NodeTestTask.java:80)
	at 	at java.base/java.util.ArrayList.forEach(ArrayList.java:1540)
	at 	at org.junit.platform.engine.support.hierarchical.SameThreadHierarchicalTestExecutorService.invokeAll(SameThreadHierarchicalTestExecutorService.java:38)
	at 	at org.junit.platform.engine.support.hierarchical.NodeTestTask.lambda$executeRecursively$5(NodeTestTask.java:139)
	at 	at org.junit.platform.engine.support.hierarchical.ThrowableCollector.execute(ThrowableCollector.java:73)
	at 	at org.junit.platform.engine.support.hierarchical.NodeTestTask.lambda$executeRecursively$7(NodeTestTask.java:125)
	at 	at org.junit.platform.engine.support.hierarchical.Node.around(Node.java:135)
	at 	at org.junit.platform.engine.support.hierarchical.NodeTestTask.lambda$executeRecursively$8(NodeTestTask.java:123)
	at 	at org.junit.platform.engine.support.hierarchical.ThrowableCollector.execute(ThrowableCollector.java:73)
	at 	at org.junit.platform.engine.support.hierarchical.NodeTestTask.executeRecursively(NodeTestTask.java:122)
	at 	at org.junit.platform.engine.support.hierarchical.NodeTestTask.execute(NodeTestTask.java:80)
	at 	at org.junit.platform.engine.support.hierarchical.SameThreadHierarchicalTestExecutorService.submit(SameThreadHierarchicalTestExecutorService.java:32)
	at 	at org.junit.platform.engine.support.hierarchical.HierarchicalTestExecutor.execute(HierarchicalTestExecutor.java:57)
	at 	at org.junit.platform.engine.support.hierarchical.HierarchicalTestEngine.execute(HierarchicalTestEngine.java:51)
	at 	at org.junit.platform.launcher.core.DefaultLauncher.execute(DefaultLauncher.java:220)
	at 	at org.junit.platform.launcher.core.DefaultLauncher.lambda$execute$6(DefaultLauncher.java:188)
	at 	at org.junit.platform.launcher.core.DefaultLauncher.withInterceptedStreams(DefaultLauncher.java:202)
	at 	at org.junit.platform.launcher.core.DefaultLauncher.execute(DefaultLauncher.java:181)
	at 	at org.junit.platform.launcher.core.DefaultLauncher.execute(DefaultLauncher.java:128)
	at 	at org.apache.maven.surefire.junitplatform.JUnitPlatformProvider.invokeAllTests(JUnitPlatformProvider.java:150)
	at 	at org.apache.maven.surefire.junitplatform.JUnitPlatformProvider.invoke(JUnitPlatformProvider.java:124)
	at 	at org.apache.maven.surefire.booter.ForkedBooter.invokeProviderInSameClassLoader(ForkedBooter.java:384)
	at 	at org.apache.maven.surefire.booter.ForkedBooter.runSuitesInProcess(ForkedBooter.java:345)
	at 	at org.apache.maven.surefire.booter.ForkedBooter.execute(ForkedBooter.java:126)
	at 	at org.apache.maven.surefire.booter.ForkedBooter.main(ForkedBooter.java:418)
23:02:14,488 |-ERROR in ch.qos.logback.core.rolling.RollingFileAppender[file] - Appender [file] failed to append. java.lang.NullPointerException
	at java.lang.NullPointerException
	at 	at ch.qos.logback.core.OutputStreamAppender.writeBytes(OutputStreamAppender.java:199)
	at 	at ch.qos.logback.core.OutputStreamAppender.subAppend(OutputStreamAppender.java:231)
	at 	at ch.qos.logback.core.rolling.RollingFileAppender.subAppend(RollingFileAppender.java:235)
	at 	at ch.qos.logback.core.OutputStreamAppender.append(OutputStreamAppender.java:102)
	at 	at ch.qos.logback.core.UnsynchronizedAppenderBase.doAppend(UnsynchronizedAppenderBase.java:84)
	at 	at ch.qos.logback.core.spi.AppenderAttachableImpl.appendLoopOnAppenders(AppenderAttachableImpl.java:51)
	at 	at ch.qos.logback.classic.Logger.appendLoopOnAppenders(Logger.java:270)
	at 	at ch.qos.logback.classic.Logger.callAppenders(Logger.java:257)
	at 	at ch.qos.logback.classic.Logger.buildLoggingEventAndAppend(Logger.java:421)
	at 	at ch.qos.logback.classic.Logger.filterAndLog_0_Or3Plus(Logger.java:383)
	at 	at ch.qos.logback.classic.Logger.log(Logger.java:765)
	at 	at org.apache.commons.logging.LogAdapter$Slf4jLocationAwareLog.trace(LogAdapter.java:477)
	at 	at org.springframework.core.io.support.PathMatchingResourcePatternResolver.findAllClassPathResources(PathMatchingResourcePatternResolver.java:323)
	at 	at org.springframework.core.io.support.PathMatchingResourcePatternResolver.getResources(PathMatchingResourcePatternResolver.java:288)
	at 	at org.springframework.core.io.support.PathMatchingResourcePatternResolver.findPathMatchingResources(PathMatchingResourcePatternResolver.java:494)
	at 	at org.springframework.core.io.support.PathMatchingResourcePatternResolver.getResources(PathMatchingResourcePatternResolver.java:284)
	at 	at org.springframework.context.annotation.ClassPathScanningCandidateComponentProvider.scanCandidateComponents(ClassPathScanningCandidateComponentProvider.java:421)
	at 	at org.springframework.context.annotation.ClassPathScanningCandidateComponentProvider.findCandidateComponents(ClassPathScanningCandidateComponentProvider.java:316)
	at 	at org.springframework.boot.test.context.AnnotatedClassFinder.scanPackage(AnnotatedClassFinder.java:90)
	at 	at org.springframework.boot.test.context.AnnotatedClassFinder.findFromPackage(AnnotatedClassFinder.java:82)
	at 	at org.springframework.boot.test.context.AnnotatedClassFinder.findFromClass(AnnotatedClassFinder.java:68)
	at 	at org.springframework.boot.test.context.SpringBootTestContextBootstrapper.getOrFindConfigurationClasses(SpringBootTestContextBootstrapper.java:232)
	at 	at org.springframework.boot.test.context.SpringBootTestContextBootstrapper.processMergedContextConfiguration(SpringBootTestContextBootstrapper.java:149)
	at 	at org.springframework.test.context.support.AbstractTestContextBootstrapper.buildMergedContextConfiguration(AbstractTestContextBootstrapper.java:395)
	at 	at org.springframework.test.context.support.AbstractTestContextBootstrapper.buildDefaultMergedContextConfiguration(AbstractTestContextBootstrapper.java:312)
	at 	at org.springframework.test.context.support.AbstractTestContextBootstrapper.buildMergedContextConfiguration(AbstractTestContextBootstrapper.java:265)
	at 	at org.springframework.test.context.support.AbstractTestContextBootstrapper.buildTestContext(AbstractTestContextBootstrapper.java:108)
	at 	at org.springframework.boot.test.context.SpringBootTestContextBootstrapper.buildTestContext(SpringBootTestContextBootstrapper.java:99)
	at 	at org.springframework.test.context.TestContextManager.<init>(TestContextManager.java:137)
	at 	at org.springframework.test.context.TestContextManager.<init>(TestContextManager.java:122)
	at 	at org.junit.jupiter.engine.execution.ExtensionValuesStore.lambda$getOrComputeIfAbsent$0(ExtensionValuesStore.java:81)
	at 	at org.junit.jupiter.engine.execution.ExtensionValuesStore$MemoizingSupplier.get(ExtensionValuesStore.java:182)
	at 	at org.junit.jupiter.engine.execution.ExtensionValuesStore.getOrComputeIfAbsent(ExtensionValuesStore.java:84)
	at 	at org.junit.jupiter.engine.execution.ExtensionValuesStore.getOrComputeIfAbsent(ExtensionValuesStore.java:88)
	at 	at org.junit.jupiter.engine.execution.NamespaceAwareStore.getOrComputeIfAbsent(NamespaceAwareStore.java:61)
	at 	at org.springframework.test.context.junit.jupiter.SpringExtension.getTestContextManager(SpringExtension.java:213)
	at 	at org.springframework.test.context.junit.jupiter.SpringExtension.beforeAll(SpringExtension.java:77)
	at 	at org.junit.jupiter.engine.descriptor.ClassBasedTestDescriptor.lambda$invokeBeforeAllCallbacks$7(ClassBasedTestDescriptor.java:355)
	at 	at org.junit.platform.engine.support.hierarchical.ThrowableCollector.execute(ThrowableCollector.java:73)
	at 	at org.junit.jupiter.engine.descriptor.ClassBasedTestDescriptor.invokeBeforeAllCallbacks(ClassBasedTestDescriptor.java:355)
	at 	at org.junit.jupiter.engine.descriptor.ClassBasedTestDescriptor.before(ClassBasedTestDescriptor.java:189)
	at 	at org.junit.jupiter.engine.descriptor.ClassBasedTestDescriptor.before(ClassBasedTestDescriptor.java:77)
	at 	at org.junit.platform.engine.support.hierarchical.NodeTestTask.lambda$executeRecursively$5(NodeTestTask.java:132)
	at 	at org.junit.platform.engine.support.hierarchical.ThrowableCollector.execute(ThrowableCollector.java:73)
	at 	at org.junit.platform.engine.support.hierarchical.NodeTestTask.lambda$executeRecursively$7(NodeTestTask.java:125)
	at 	at org.junit.platform.engine.support.hierarchical.Node.around(Node.java:135)
	at 	at org.junit.platform.engine.support.hierarchical.NodeTestTask.lambda$executeRecursively$8(NodeTestTask.java:123)
	at 	at org.junit.platform.engine.support.hierarchical.ThrowableCollector.execute(ThrowableCollector.java:73)
	at 	at org.junit.platform.engine.support.hierarchical.NodeTestTask.executeRecursively(NodeTestTask.java:122)
	at 	at org.junit.platform.engine.support.hierarchical.NodeTestTask.execute(NodeTestTask.java:80)
	at 	at java.base/java.util.ArrayList.forEach(ArrayList.java:1540)
	at 	at org.junit.platform.engine.support.hierarchical.SameThreadHierarchicalTestExecutorService.invokeAll(SameThreadHierarchicalTestExecutorService.java:38)
	at 	at org.junit.platform.engine.support.hierarchical.NodeTestTask.lambda$executeRecursively$5(NodeTestTask.java:139)
	at 	at org.junit.platform.engine.support.hierarchical.ThrowableCollector.execute(ThrowableCollector.java:73)
	at 	at org.junit.platform.engine.support.hierarchical.NodeTestTask.lambda$executeRecursively$7(NodeTestTask.java:125)
	at 	at org.junit.platform.engine.support.hierarchical.Node.around(Node.java:135)
	at 	at org.junit.platform.engine.support.hierarchical.NodeTestTask.lambda$executeRecursively$8(NodeTestTask.java:123)
	at 	at org.junit.platform.engine.support.hierarchical.ThrowableCollector.execute(ThrowableCollector.java:73)
	at 	at org.junit.platform.engine.support.hierarchical.NodeTestTask.executeRecursively(NodeTestTask.java:122)
	at 	at org.junit.platform.engine.support.hierarchical.NodeTestTask.execute(NodeTestTask.java:80)
	at 	at org.junit.platform.engine.support.hierarchical.SameThreadHierarchicalTestExecutorService.submit(SameThreadHierarchicalTestExecutorService.java:32)
	at 	at org.junit.platform.engine.support.hierarchical.HierarchicalTestExecutor.execute(HierarchicalTestExecutor.java:57)
	at 	at org.junit.platform.engine.support.hierarchical.HierarchicalTestEngine.execute(HierarchicalTestEngine.java:51)
	at 	at org.junit.platform.launcher.core.DefaultLauncher.execute(DefaultLauncher.java:220)
	at 	at org.junit.platform.launcher.core.DefaultLauncher.lambda$execute$6(DefaultLauncher.java:188)
	at 	at org.junit.platform.launcher.core.DefaultLauncher.withInterceptedStreams(DefaultLauncher.java:202)
	at 	at org.junit.platform.launcher.core.DefaultLauncher.execute(DefaultLauncher.java:181)
	at 	at org.junit.platform.launcher.core.DefaultLauncher.execute(DefaultLauncher.java:128)
	at 	at org.apache.maven.surefire.junitplatform.JUnitPlatformProvider.invokeAllTests(JUnitPlatformProvider.java:150)
	at 	at org.apache.maven.surefire.junitplatform.JUnitPlatformProvider.invoke(JUnitPlatformProvider.java:124)
	at 	at org.apache.maven.surefire.booter.ForkedBooter.invokeProviderInSameClassLoader(ForkedBooter.java:384)
	at 	at org.apache.maven.surefire.booter.ForkedBooter.runSuitesInProcess(ForkedBooter.java:345)
	at 	at org.apache.maven.surefire.booter.ForkedBooter.execute(ForkedBooter.java:126)
	at 	at org.apache.maven.surefire.booter.ForkedBooter.main(ForkedBooter.java:418)
23:02:14,491 |-ERROR in ch.qos.logback.core.rolling.RollingFileAppender[file] - Appender [file] failed to append. java.lang.NullPointerException
	at java.lang.NullPointerException
	at 	at ch.qos.logback.core.OutputStreamAppender.writeBytes(OutputStreamAppender.java:199)
	at 	at ch.qos.logback.core.OutputStreamAppender.subAppend(OutputStreamAppender.java:231)
	at 	at ch.qos.logback.core.rolling.RollingFileAppender.subAppend(RollingFileAppender.java:235)
	at 	at ch.qos.logback.core.OutputStreamAppender.append(OutputStreamAppender.java:102)
	at 	at ch.qos.logback.core.UnsynchronizedAppenderBase.doAppend(UnsynchronizedAppenderBase.java:84)
	at 	at ch.qos.logback.core.spi.AppenderAttachableImpl.appendLoopOnAppenders(AppenderAttachableImpl.java:51)
	at 	at ch.qos.logback.classic.Logger.appendLoopOnAppenders(Logger.java:270)
	at 	at ch.qos.logback.classic.Logger.callAppenders(Logger.java:257)
	at 	at ch.qos.logback.classic.Logger.buildLoggingEventAndAppend(Logger.java:421)
	at 	at ch.qos.logback.classic.Logger.filterAndLog_0_Or3Plus(Logger.java:383)
	at 	at ch.qos.logback.classic.Logger.log(Logger.java:765)
	at 	at org.apache.commons.logging.LogAdapter$Slf4jLocationAwareLog.trace(LogAdapter.java:477)
	at 	at org.springframework.core.io.support.PathMatchingResourcePatternResolver.doFindMatchingFileSystemResources(PathMatchingResourcePatternResolver.java:730)
	at 	at org.springframework.core.io.support.PathMatchingResourcePatternResolver.doFindPathMatchingFileResources(PathMatchingResourcePatternResolver.java:715)
	at 	at org.springframework.core.io.support.PathMatchingResourcePatternResolver.findPathMatchingResources(PathMatchingResourcePatternResolver.java:513)
	at 	at org.springframework.core.io.support.PathMatchingResourcePatternResolver.getResources(PathMatchingResourcePatternResolver.java:284)
	at 	at org.springframework.context.annotation.ClassPathScanningCandidateComponentProvider.scanCandidateComponents(ClassPathScanningCandidateComponentProvider.java:421)
	at 	at org.springframework.context.annotation.ClassPathScanningCandidateComponentProvider.findCandidateComponents(ClassPathScanningCandidateComponentProvider.java:316)
	at 	at org.springframework.boot.test.context.AnnotatedClassFinder.scanPackage(AnnotatedClassFinder.java:90)
	at 	at org.springframework.boot.test.context.AnnotatedClassFinder.findFromPackage(AnnotatedClassFinder.java:82)
	at 	at org.springframework.boot.test.context.AnnotatedClassFinder.findFromClass(AnnotatedClassFinder.java:68)
	at 	at org.springframework.boot.test.context.SpringBootTestContextBootstrapper.getOrFindConfigurationClasses(SpringBootTestContextBootstrapper.java:232)
	at 	at org.springframework.boot.test.context.SpringBootTestContextBootstrapper.processMergedContextConfiguration(SpringBootTestContextBootstrapper.java:149)
	at 	at org.springframework.test.context.support.AbstractTestContextBootstrapper.buildMergedContextConfiguration(AbstractTestContextBootstrapper.java:395)
	at 	at org.springframework.test.context.support.AbstractTestContextBootstrapper.buildDefaultMergedContextConfiguration(AbstractTestContextBootstrapper.java:312)
	at 	at org.springframework.test.context.support.AbstractTestContextBootstrapper.buildMergedContextConfiguration(AbstractTestContextBootstrapper.java:265)
	at 	at org.springframework.test.context.support.AbstractTestContextBootstrapper.buildTestContext(AbstractTestContextBootstrapper.java:108)
	at 	at org.springframework.boot.test.context.SpringBootTestContextBootstrapper.buildTestContext(SpringBootTestContextBootstrapper.java:99)
	at 	at org.springframework.test.context.TestContextManager.<init>(TestContextManager.java:137)
	at 	at org.springframework.test.context.TestContextManager.<init>(TestContextManager.java:122)
	at 	at org.junit.jupiter.engine.execution.ExtensionValuesStore.lambda$getOrComputeIfAbsent$0(ExtensionValuesStore.java:81)
	at 	at org.junit.jupiter.engine.execution.ExtensionValuesStore$MemoizingSupplier.get(ExtensionValuesStore.java:182)
	at 	at org.junit.jupiter.engine.execution.ExtensionValuesStore.getOrComputeIfAbsent(ExtensionValuesStore.java:84)
	at 	at org.junit.jupiter.engine.execution.ExtensionValuesStore.getOrComputeIfAbsent(ExtensionValuesStore.java:88)
	at 	at org.junit.jupiter.engine.execution.NamespaceAwareStore.getOrComputeIfAbsent(NamespaceAwareStore.java:61)
	at 	at org.springframework.test.context.junit.jupiter.SpringExtension.getTestContextManager(SpringExtension.java:213)
	at 	at org.springframework.test.context.junit.jupiter.SpringExtension.beforeAll(SpringExtension.java:77)
	at 	at org.junit.jupiter.engine.descriptor.ClassBasedTestDescriptor.lambda$invokeBeforeAllCallbacks$7(ClassBasedTestDescriptor.java:355)
	at 	at org.junit.platform.engine.support.hierarchical.ThrowableCollector.execute(ThrowableCollector.java:73)
	at 	at org.junit.jupiter.engine.descriptor.ClassBasedTestDescriptor.invokeBeforeAllCallbacks(ClassBasedTestDescriptor.java:355)
	at 	at org.junit.jupiter.engine.descriptor.ClassBasedTestDescriptor.before(ClassBasedTestDescriptor.java:189)
	at 	at org.junit.jupiter.engine.descriptor.ClassBasedTestDescriptor.before(ClassBasedTestDescriptor.java:77)
	at 	at org.junit.platform.engine.support.hierarchical.NodeTestTask.lambda$executeRecursively$5(NodeTestTask.java:132)
	at 	at org.junit.platform.engine.support.hierarchical.ThrowableCollector.execute(ThrowableCollector.java:73)
	at 	at org.junit.platform.engine.support.hierarchical.NodeTestTask.lambda$executeRecursively$7(NodeTestTask.java:125)
	at 	at org.junit.platform.engine.support.hierarchical.Node.around(Node.java:135)
	at 	at org.junit.platform.engine.support.hierarchical.NodeTestTask.lambda$executeRecursively$8(NodeTestTask.java:123)
	at 	at org.junit.platform.engine.support.hierarchical.ThrowableCollector.execute(ThrowableCollector.java:73)
	at 	at org.junit.platform.engine.support.hierarchical.NodeTestTask.executeRecursively(NodeTestTask.java:122)
	at 	at org.junit.platform.engine.support.hierarchical.NodeTestTask.execute(NodeTestTask.java:80)
	at 	at java.base/java.util.ArrayList.forEach(ArrayList.java:1540)
	at 	at org.junit.platform.engine.support.hierarchical.SameThreadHierarchicalTestExecutorService.invokeAll(SameThreadHierarchicalTestExecutorService.java:38)
	at 	at org.junit.platform.engine.support.hierarchical.NodeTestTask.lambda$executeRecursively$5(NodeTestTask.java:139)
	at 	at org.junit.platform.engine.support.hierarchical.ThrowableCollector.execute(ThrowableCollector.java:73)
	at 	at org.junit.platform.engine.support.hierarchical.NodeTestTask.lambda$executeRecursively$7(NodeTestTask.java:125)
	at 	at org.junit.platform.engine.support.hierarchical.Node.around(Node.java:135)
	at 	at org.junit.platform.engine.support.hierarchical.NodeTestTask.lambda$executeRecursively$8(NodeTestTask.java:123)
	at 	at org.junit.platform.engine.support.hierarchical.ThrowableCollector.execute(ThrowableCollector.java:73)
	at 	at org.junit.platform.engine.support.hierarchical.NodeTestTask.executeRecursively(NodeTestTask.java:122)
	at 	at org.junit.platform.engine.support.hierarchical.NodeTestTask.execute(NodeTestTask.java:80)
	at 	at org.junit.platform.engine.support.hierarchical.SameThreadHierarchicalTestExecutorService.submit(SameThreadHierarchicalTestExecutorService.java:32)
	at 	at org.junit.platform.engine.support.hierarchical.HierarchicalTestExecutor.execute(HierarchicalTestExecutor.java:57)
	at 	at org.junit.platform.engine.support.hierarchical.HierarchicalTestEngine.execute(HierarchicalTestEngine.java:51)
	at 	at org.junit.platform.launcher.core.DefaultLauncher.execute(DefaultLauncher.java:220)
	at 	at org.junit.platform.launcher.core.DefaultLauncher.lambda$execute$6(DefaultLauncher.java:188)
	at 	at org.junit.platform.launcher.core.DefaultLauncher.withInterceptedStreams(DefaultLauncher.java:202)
	at 	at org.junit.platform.launcher.core.DefaultLauncher.execute(DefaultLauncher.java:181)
	at 	at org.junit.platform.launcher.core.DefaultLauncher.execute(DefaultLauncher.java:128)
	at 	at org.apache.maven.surefire.junitplatform.JUnitPlatformProvider.invokeAllTests(JUnitPlatformProvider.java:150)
	at 	at org.apache.maven.surefire.junitplatform.JUnitPlatformProvider.invoke(JUnitPlatformProvider.java:124)
	at 	at org.apache.maven.surefire.booter.ForkedBooter.invokeProviderInSameClassLoader(ForkedBooter.java:384)
	at 	at org.apache.maven.surefire.booter.ForkedBooter.runSuitesInProcess(ForkedBooter.java:345)
	at 	at org.apache.maven.surefire.booter.ForkedBooter.execute(ForkedBooter.java:126)
	at 	at org.apache.maven.surefire.booter.ForkedBooter.main(ForkedBooter.java:418)
&amp#27;[1;30m20-01-28 15:02:14&amp#27;[0;39m &amp#27;[34mINFO&amp#27;[0;39m :: [main] &amp#27;[36mo.s.b.t.c.SpringBootTestContextBootstrapper&amp#27;[0;39m@&amp#27;[37m235&amp#27;[0;39m &amp#27;[1;30m~&amp#27;[0;39m &amp#27;[37mFound @SpringBootConfiguration top.xcphoenix.groupblog.GroupblogApplication for test class top.xcphoenix.groupblog.UserMapperTest
&amp#27;[0;39m&amp#27;[1;30m20-01-28 15:02:14&amp#27;[0;39m &amp#27;[34mINFO&amp#27;[0;39m :: [main] &amp#27;[36mo.s.b.t.c.SpringBootTestContextBootstrapper&amp#27;[0;39m@&amp#27;[37m248&amp#27;[0;39m &amp#27;[1;30m~&amp#27;[0;39m &amp#27;[37mLoaded default TestExecutionListener class names from location [META-INF/spring.factories]: [org.springframework.boot.test.mock.mockito.MockitoTestExecutionListener, org.springframework.boot.test.mock.mockito.ResetMocksTestExecutionListener, org.springframework.boot.test.autoconfigure.restdocs.RestDocsTestExecutionListener, org.springframework.boot.test.autoconfigure.web.client.MockRestServiceServerResetTestExecutionListener, org.springframework.boot.test.autoconfigure.web.servlet.MockMvcPrintOnlyOnFailureTestExecutionListener, org.springframework.boot.test.autoconfigure.web.servlet.WebDriverTestExecutionListener, org.springframework.test.context.web.ServletTestExecutionListener, org.springframework.test.context.support.DirtiesContextBeforeModesTestExecutionListener, org.springframework.test.context.support.DependencyInjectionTestExecutionListener, org.springframework.test.context.support.DirtiesContextTestExecutionListener, org.springframework.test.context.transaction.TransactionalTestExecutionListener, org.springframework.test.context.jdbc.SqlScriptsTestExecutionListener, org.springframework.test.context.event.EventPublishingTestExecutionListener]
&amp#27;[0;39m&amp#27;[1;30m20-01-28 15:02:14&amp#27;[0;39m &amp#27;[34mINFO&amp#27;[0;39m :: [main] &amp#27;[36mo.s.b.t.c.SpringBootTestContextBootstrapper&amp#27;[0;39m@&amp#27;[37m177&amp#27;[0;39m &amp#27;[1;30m~&amp#27;[0;39m &amp#27;[37mUsing TestExecutionListeners: [org.springframework.test.context.web.ServletTestExecutionListener@4aa83f4f, org.springframework.test.context.support.DirtiesContextBeforeModesTestExecutionListener@43b6123e, org.springframework.boot.test.mock.mockito.MockitoTestExecutionListener@260e86a1, org.springframework.boot.test.autoconfigure.SpringBootDependencyInjectionTestExecutionListener@19648c40, org.springframework.test.context.support.DirtiesContextTestExecutionListener@12bd8a64, org.springframework.test.context.transaction.TransactionalTestExecutionListener@61e94def, org.springframework.test.context.jdbc.SqlScriptsTestExecutionListener@3300f4fd, org.springframework.test.context.event.EventPublishingTestExecutionListener@ebb6851, org.springframework.boot.test.mock.mockito.ResetMocksTestExecutionListener@70ab2d48, org.springframework.boot.test.autoconfigure.restdocs.RestDocsTestExecutionListener@5b068087, org.springframework.boot.test.autoconfigure.web.client.MockRestServiceServerResetTestExecutionListener@6f152006, org.springframework.boot.test.autoconfigure.web.servlet.MockMvcPrintOnlyOnFailureTestExecutionListener@3a393455, org.springframework.boot.test.autoconfigure.web.servlet.WebDriverTestExecutionListener@13518f37]
&amp#27;[0;39m23:02:15,058 |-INFO in ch.qos.logback.classic.joran.action.ContextNameAction - Setting logger context name as [logback]
23:02:15,058 |-INFO in ch.qos.logback.core.joran.action.AppenderAction - About to instantiate appender of type [ch.qos.logback.core.ConsoleAppender]
23:02:15,058 |-INFO in ch.qos.logback.core.joran.action.AppenderAction - Naming appender as [stdout]
23:02:15,059 |-INFO in ch.qos.logback.core.joran.action.NestedComplexPropertyIA - Assuming default type [ch.qos.logback.classic.encoder.PatternLayoutEncoder] for [encoder] property
23:02:15,060 |-INFO in ch.qos.logback.core.joran.action.AppenderAction - About to instantiate appender of type [ch.qos.logback.core.rolling.RollingFileAppender]
23:02:15,060 |-INFO in ch.qos.logback.core.joran.action.AppenderAction - Naming appender as [file]
23:02:15,061 |-INFO in c.q.l.core.rolling.TimeBasedRollingPolicy@791408866 - setting totalSizeCap to 200 MB
23:02:15,062 |-INFO in c.q.l.core.rolling.TimeBasedRollingPolicy@791408866 - Will use gz compression
23:02:15,062 |-INFO in c.q.l.core.rolling.TimeBasedRollingPolicy@791408866 - Will use the pattern ./logs/groupBlog.%d{yyyy-MM-dd.HH}.log for the active file
23:02:15,063 |-INFO in c.q.l.core.rolling.DefaultTimeBasedFileNamingAndTriggeringPolicy - The date pattern is 'yyyy-MM-dd.HH' from file name pattern './logs/groupBlog.%d{yyyy-MM-dd.HH}.log.gz'.
23:02:15,063 |-INFO in c.q.l.core.rolling.DefaultTimeBasedFileNamingAndTriggeringPolicy - Roll-over at the top of every hour.
23:02:15,063 |-INFO in c.q.l.core.rolling.DefaultTimeBasedFileNamingAndTriggeringPolicy - Setting initial period to Tue Jan 28 23:02:14 CST 2020
23:02:15,065 |-INFO in ch.qos.logback.core.joran.action.NestedComplexPropertyIA - Assuming default type [ch.qos.logback.classic.encoder.PatternLayoutEncoder] for [encoder] property
23:02:15,066 |-INFO in ch.qos.logback.core.rolling.RollingFileAppender[file] - Active log file name: ./logs/groupBlog.log
23:02:15,066 |-INFO in ch.qos.logback.core.rolling.RollingFileAppender[file] - File property is set to [./logs/groupBlog.log]
23:02:15,066 |-INFO in ch.qos.logback.classic.joran.action.RootLoggerAction - Setting level of ROOT logger to TRACE
23:02:15,068 |-INFO in ch.qos.logback.classic.jul.LevelChangePropagator@1eba372c - Propagating TRACE level on Logger[ROOT] onto the JUL framework
23:02:15,068 |-INFO in ch.qos.logback.core.joran.action.AppenderRefAction - Attaching appender named [stdout] to Logger[ROOT]
23:02:15,068 |-INFO in ch.qos.logback.core.joran.action.AppenderRefAction - Attaching appender named [file] to Logger[ROOT]
23:02:15,068 |-INFO in ch.qos.logback.classic.joran.action.ConfigurationAction - End of configuration.
23:02:15,069 |-INFO in org.springframework.boot.logging.logback.SpringBootJoranConfigurator@59aa20b3 - Registering current configuration as safe fallback point
23:02:15,072 |-INFO in ch.qos.logback.classic.jul.LevelChangePropagator@1eba372c - Propagating DEBUG level on Logger[org.springframework.jdbc.core] onto the JUL framework
23:02:15,073 |-INFO in ch.qos.logback.classic.jul.LevelChangePropagator@1eba372c - Propagating DEBUG level on Logger[org.hibernate.SQL] onto the JUL framework
23:02:15,073 |-INFO in ch.qos.logback.classic.jul.LevelChangePropagator@1eba372c - Propagating DEBUG level on Logger[org.jooq.tools.LoggerListener] onto the JUL framework
23:02:15,074 |-INFO in ch.qos.logback.classic.jul.LevelChangePropagator@1eba372c - Propagating DEBUG level on Logger[org.springframework.core.codec] onto the JUL framework
23:02:15,074 |-INFO in ch.qos.logback.classic.jul.LevelChangePropagator@1eba372c - Propagating DEBUG level on Logger[org.springframework.http] onto the JUL framework
23:02:15,075 |-INFO in ch.qos.logback.classic.jul.LevelChangePropagator@1eba372c - Propagating DEBUG level on Logger[org.springframework.web] onto the JUL framework
23:02:15,075 |-INFO in ch.qos.logback.classic.jul.LevelChangePropagator@1eba372c - Propagating DEBUG level on Logger[org.springframework.boot.actuate.endpoint.web] onto the JUL framework
23:02:15,075 |-INFO in ch.qos.logback.classic.jul.LevelChangePropagator@1eba372c - Propagating DEBUG level on Logger[org.springframework.boot.web.servlet.ServletContextInitializerBeans] onto the JUL framework
23:02:15,076 |-INFO in ch.qos.logback.classic.jul.LevelChangePropagator@1eba372c - Propagating DEBUG level on Logger[org.springframework.boot] onto the JUL framework
23:02:15,082 |-ERROR in ch.qos.logback.core.rolling.RollingFileAppender[file] - Appender [file] failed to append. java.lang.NullPointerException
	at java.lang.NullPointerException
	at 	at ch.qos.logback.core.rolling.helper.FileFilterUtil.afterLastSlash(FileFilterUtil.java:46)
	at 	at ch.qos.logback.core.rolling.TimeBasedRollingPolicy.rollover(TimeBasedRollingPolicy.java:166)
	at 	at ch.qos.logback.core.rolling.RollingFileAppender.attemptRollover(RollingFileAppender.java:211)
	at 	at ch.qos.logback.core.rolling.RollingFileAppender.rollover(RollingFileAppender.java:190)
	at 	at ch.qos.logback.core.rolling.RollingFileAppender.subAppend(RollingFileAppender.java:231)
	at 	at ch.qos.logback.core.OutputStreamAppender.append(OutputStreamAppender.java:102)
	at 	at ch.qos.logback.core.UnsynchronizedAppenderBase.doAppend(UnsynchronizedAppenderBase.java:84)
	at 	at ch.qos.logback.core.spi.AppenderAttachableImpl.appendLoopOnAppenders(AppenderAttachableImpl.java:51)
	at 	at ch.qos.logback.classic.Logger.appendLoopOnAppenders(Logger.java:270)
	at 	at ch.qos.logback.classic.Logger.callAppenders(Logger.java:257)
	at 	at ch.qos.logback.classic.Logger.buildLoggingEventAndAppend(Logger.java:421)
	at 	at ch.qos.logback.classic.Logger.filterAndLog_0_Or3Plus(Logger.java:383)
	at 	at ch.qos.logback.classic.Logger.log(Logger.java:765)
	at 	at org.apache.commons.logging.LogAdapter$Slf4jLocationAwareLog.trace(LogAdapter.java:477)
	at 	at org.springframework.core.env.PropertySourcesPropertyResolver.getProperty(PropertySourcesPropertyResolver.java:82)
	at 	at org.springframework.core.env.PropertySourcesPropertyResolver.getProperty(PropertySourcesPropertyResolver.java:68)
	at 	at org.springframework.core.env.AbstractPropertyResolver.getProperty(AbstractPropertyResolver.java:175)
	at 	at org.springframework.core.env.AbstractEnvironment.getProperty(AbstractEnvironment.java:553)
	at 	at org.springframework.boot.SpringApplication.configureIgnoreBeanInfo(SpringApplication.java:530)
	at 	at org.springframework.boot.SpringApplication.run(SpringApplication.java:309)
	at 	at org.springframework.boot.test.context.SpringBootContextLoader.loadContext(SpringBootContextLoader.java:125)
	at 	at org.springframework.test.context.cache.DefaultCacheAwareContextLoaderDelegate.loadContextInternal(DefaultCacheAwareContextLoaderDelegate.java:99)
	at 	at org.springframework.test.context.cache.DefaultCacheAwareContextLoaderDelegate.loadContext(DefaultCacheAwareContextLoaderDelegate.java:124)
	at 	at org.springframework.test.context.support.DefaultTestContext.getApplicationContext(DefaultTestContext.java:123)
	at 	at org.springframework.test.context.web.ServletTestExecutionListener.setUpRequestContextIfNecessary(ServletTestExecutionListener.java:190)
	at 	at org.springframework.test.context.web.ServletTestExecutionListener.prepareTestInstance(ServletTestExecutionListener.java:132)
	at 	at org.springframework.test.context.TestContextManager.prepareTestInstance(TestContextManager.java:244)
	at 	at org.springframework.test.context.junit.jupiter.SpringExtension.postProcessTestInstance(SpringExtension.java:98)
	at 	at org.junit.jupiter.engine.descriptor.ClassBasedTestDescriptor.lambda$invokeTestInstancePostProcessors$5(ClassBasedTestDescriptor.java:337)
	at 	at org.junit.jupiter.engine.descriptor.ClassBasedTestDescriptor.executeAndMaskThrowable(ClassBasedTestDescriptor.java:342)
	at 	at org.junit.jupiter.engine.descriptor.ClassBasedTestDescriptor.lambda$invokeTestInstancePostProcessors$6(ClassBasedTestDescriptor.java:337)
	at 	at java.base/java.util.stream.ReferencePipeline$3$1.accept(ReferencePipeline.java:195)
	at 	at java.base/java.util.stream.ReferencePipeline$2$1.accept(ReferencePipeline.java:177)
	at 	at java.base/java.util.ArrayList$ArrayListSpliterator.forEachRemaining(ArrayList.java:1654)
	at 	at java.base/java.util.stream.AbstractPipeline.copyInto(AbstractPipeline.java:484)
	at 	at java.base/java.util.stream.AbstractPipeline.wrapAndCopyInto(AbstractPipeline.java:474)
	at 	at java.base/java.util.stream.StreamSpliterators$WrappingSpliterator.forEachRemaining(StreamSpliterators.java:312)
	at 	at java.base/java.util.stream.Streams$ConcatSpliterator.forEachRemaining(Streams.java:735)
	at 	at java.base/java.util.stream.Streams$ConcatSpliterator.forEachRemaining(Streams.java:734)
	at 	at java.base/java.util.stream.ReferencePipeline$Head.forEach(ReferencePipeline.java:658)
	at 	at org.junit.jupiter.engine.descriptor.ClassBasedTestDescriptor.invokeTestInstancePostProcessors(ClassBasedTestDescriptor.java:336)
	at 	at org.junit.jupiter.engine.descriptor.ClassBasedTestDescriptor.instantiateAndPostProcessTestInstance(ClassBasedTestDescriptor.java:259)
	at 	at org.junit.jupiter.engine.descriptor.ClassBasedTestDescriptor.lambda$testInstancesProvider$2(ClassBasedTestDescriptor.java:252)
	at 	at java.base/java.util.Optional.orElseGet(Optional.java:369)
	at 	at org.junit.jupiter.engine.descriptor.ClassBasedTestDescriptor.lambda$testInstancesProvider$3(ClassBasedTestDescriptor.java:251)
	at 	at org.junit.jupiter.engine.execution.TestInstancesProvider.getTestInstances(TestInstancesProvider.java:29)
	at 	at org.junit.jupiter.engine.descriptor.TestMethodTestDescriptor.lambda$prepare$0(TestMethodTestDescriptor.java:106)
	at 	at org.junit.platform.engine.support.hierarchical.ThrowableCollector.execute(ThrowableCollector.java:73)
	at 	at org.junit.jupiter.engine.descriptor.TestMethodTestDescriptor.prepare(TestMethodTestDescriptor.java:105)
	at 	at org.junit.jupiter.engine.descriptor.TestMethodTestDescriptor.prepare(TestMethodTestDescriptor.java:69)
	at 	at org.junit.platform.engine.support.hierarchical.NodeTestTask.lambda$prepare$1(NodeTestTask.java:107)
	at 	at org.junit.platform.engine.support.hierarchical.ThrowableCollector.execute(ThrowableCollector.java:73)
	at 	at org.junit.platform.engine.support.hierarchical.NodeTestTask.prepare(NodeTestTask.java:107)
	at 	at org.junit.platform.engine.support.hierarchical.NodeTestTask.execute(NodeTestTask.java:75)
	at 	at java.base/java.util.ArrayList.forEach(ArrayList.java:1540)
	at 	at org.junit.platform.engine.support.hierarchical.SameThreadHierarchicalTestExecutorService.invokeAll(SameThreadHierarchicalTestExecutorService.java:38)
	at 	at org.junit.platform.engine.support.hierarchical.NodeTestTask.lambda$executeRecursively$5(NodeTestTask.java:139)
	at 	at org.junit.platform.engine.support.hierarchical.ThrowableCollector.execute(ThrowableCollector.java:73)
	at 	at org.junit.platform.engine.support.hierarchical.NodeTestTask.lambda$executeRecursively$7(NodeTestTask.java:125)
	at 	at org.junit.platform.engine.support.hierarchical.Node.around(Node.java:135)
	at 	at org.junit.platform.engine.support.hierarchical.NodeTestTask.lambda$executeRecursively$8(NodeTestTask.java:123)
	at 	at org.junit.platform.engine.support.hierarchical.ThrowableCollector.execute(ThrowableCollector.java:73)
	at 	at org.junit.platform.engine.support.hierarchical.NodeTestTask.executeRecursively(NodeTestTask.java:122)
	at 	at org.junit.platform.engine.support.hierarchical.NodeTestTask.execute(NodeTestTask.java:80)
	at 	at java.base/java.util.ArrayList.forEach(ArrayList.java:1540)
	at 	at org.junit.platform.engine.support.hierarchical.SameThreadHierarchicalTestExecutorService.invokeAll(SameThreadHierarchicalTestExecutorService.java:38)
	at 	at org.junit.platform.engine.support.hierarchical.NodeTestTask.lambda$executeRecursively$5(NodeTestTask.java:139)
	at 	at org.junit.platform.engine.support.hierarchical.ThrowableCollector.execute(ThrowableCollector.java:73)
	at 	at org.junit.platform.engine.support.hierarchical.NodeTestTask.lambda$executeRecursively$7(NodeTestTask.java:125)
	at 	at org.junit.platform.engine.support.hierarchical.Node.around(Node.java:135)
	at 	at org.junit.platform.engine.support.hierarchical.NodeTestTask.lambda$executeRecursively$8(NodeTestTask.java:123)
	at 	at org.junit.platform.engine.support.hierarchical.ThrowableCollector.execute(ThrowableCollector.java:73)
	at 	at org.junit.platform.engine.support.hierarchical.NodeTestTask.executeRecursively(NodeTestTask.java:122)
	at 	at org.junit.platform.engine.support.hierarchical.NodeTestTask.execute(NodeTestTask.java:80)
	at 	at org.junit.platform.engine.support.hierarchical.SameThreadHierarchicalTestExecutorService.submit(SameThreadHierarchicalTestExecutorService.java:32)
	at 	at org.junit.platform.engine.support.hierarchical.HierarchicalTestExecutor.execute(HierarchicalTestExecutor.java:57)
	at 	at org.junit.platform.engine.support.hierarchical.HierarchicalTestEngine.execute(HierarchicalTestEngine.java:51)
	at 	at org.junit.platform.launcher.core.DefaultLauncher.execute(DefaultLauncher.java:220)
	at 	at org.junit.platform.launcher.core.DefaultLauncher.lambda$execute$6(DefaultLauncher.java:188)
	at 	at org.junit.platform.launcher.core.DefaultLauncher.withInterceptedStreams(DefaultLauncher.java:202)
	at 	at org.junit.platform.launcher.core.DefaultLauncher.execute(DefaultLauncher.java:181)
	at 	at org.junit.platform.launcher.core.DefaultLauncher.execute(DefaultLauncher.java:128)
	at 	at org.apache.maven.surefire.junitplatform.JUnitPlatformProvider.invokeAllTests(JUnitPlatformProvider.java:150)
	at 	at org.apache.maven.surefire.junitplatform.JUnitPlatformProvider.invoke(JUnitPlatformProvider.java:124)
	at 	at org.apache.maven.surefire.booter.ForkedBooter.invokeProviderInSameClassLoader(ForkedBooter.java:384)
	at 	at org.apache.maven.surefire.booter.ForkedBooter.runSuitesInProcess(ForkedBooter.java:345)
	at 	at org.apache.maven.surefire.booter.ForkedBooter.execute(ForkedBooter.java:126)
	at 	at org.apache.maven.surefire.booter.ForkedBooter.main(ForkedBooter.java:418)
23:02:15,087 |-ERROR in ch.qos.logback.core.rolling.RollingFileAppender[file] - Appender [file] failed to append. java.lang.NullPointerException
	at java.lang.NullPointerException
	at 	at ch.qos.logback.core.OutputStreamAppender.writeBytes(OutputStreamAppender.java:199)
	at 	at ch.qos.logback.core.OutputStreamAppender.subAppend(OutputStreamAppender.java:231)
	at 	at ch.qos.logback.core.rolling.RollingFileAppender.subAppend(RollingFileAppender.java:235)
	at 	at ch.qos.logback.core.OutputStreamAppender.append(OutputStreamAppender.java:102)
	at 	at ch.qos.logback.core.UnsynchronizedAppenderBase.doAppend(UnsynchronizedAppenderBase.java:84)
	at 	at ch.qos.logback.core.spi.AppenderAttachableImpl.appendLoopOnAppenders(AppenderAttachableImpl.java:51)
	at 	at ch.qos.logback.classic.Logger.appendLoopOnAppenders(Logger.java:270)
	at 	at ch.qos.logback.classic.Logger.callAppenders(Logger.java:257)
	at 	at ch.qos.logback.classic.Logger.buildLoggingEventAndAppend(Logger.java:421)
	at 	at ch.qos.logback.classic.Logger.filterAndLog_0_Or3Plus(Logger.java:383)
	at 	at ch.qos.logback.classic.Logger.log(Logger.java:765)
	at 	at org.apache.commons.logging.LogAdapter$Slf4jLocationAwareLog.trace(LogAdapter.java:477)
	at 	at org.springframework.core.env.PropertySourcesPropertyResolver.getProperty(PropertySourcesPropertyResolver.java:82)
	at 	at org.springframework.core.env.PropertySourcesPropertyResolver.getProperty(PropertySourcesPropertyResolver.java:68)
	at 	at org.springframework.core.env.AbstractPropertyResolver.getProperty(AbstractPropertyResolver.java:175)
	at 	at org.springframework.core.env.AbstractEnvironment.getProperty(AbstractEnvironment.java:553)
	at 	at org.springframework.boot.SpringApplication.configureIgnoreBeanInfo(SpringApplication.java:530)
	at 	at org.springframework.boot.SpringApplication.run(SpringApplication.java:309)
	at 	at org.springframework.boot.test.context.SpringBootContextLoader.loadContext(SpringBootContextLoader.java:125)
	at 	at org.springframework.test.context.cache.DefaultCacheAwareContextLoaderDelegate.loadContextInternal(DefaultCacheAwareContextLoaderDelegate.java:99)
	at 	at org.springframework.test.context.cache.DefaultCacheAwareContextLoaderDelegate.loadContext(DefaultCacheAwareContextLoaderDelegate.java:124)
	at 	at org.springframework.test.context.support.DefaultTestContext.getApplicationContext(DefaultTestContext.java:123)
	at 	at org.springframework.test.context.web.ServletTestExecutionListener.setUpRequestContextIfNecessary(ServletTestExecutionListener.java:190)
	at 	at org.springframework.test.context.web.ServletTestExecutionListener.prepareTestInstance(ServletTestExecutionListener.java:132)
	at 	at org.springframework.test.context.TestContextManager.prepareTestInstance(TestContextManager.java:244)
	at 	at org.springframework.test.context.junit.jupiter.SpringExtension.postProcessTestInstance(SpringExtension.java:98)
	at 	at org.junit.jupiter.engine.descriptor.ClassBasedTestDescriptor.lambda$invokeTestInstancePostProcessors$5(ClassBasedTestDescriptor.java:337)
	at 	at org.junit.jupiter.engine.descriptor.ClassBasedTestDescriptor.executeAndMaskThrowable(ClassBasedTestDescriptor.java:342)
	at 	at org.junit.jupiter.engine.descriptor.ClassBasedTestDescriptor.lambda$invokeTestInstancePostProcessors$6(ClassBasedTestDescriptor.java:337)
	at 	at java.base/java.util.stream.ReferencePipeline$3$1.accept(ReferencePipeline.java:195)
	at 	at java.base/java.util.stream.ReferencePipeline$2$1.accept(ReferencePipeline.java:177)
	at 	at java.base/java.util.ArrayList$ArrayListSpliterator.forEachRemaining(ArrayList.java:1654)
	at 	at java.base/java.util.stream.AbstractPipeline.copyInto(AbstractPipeline.java:484)
	at 	at java.base/java.util.stream.AbstractPipeline.wrapAndCopyInto(AbstractPipeline.java:474)
	at 	at java.base/java.util.stream.StreamSpliterators$WrappingSpliterator.forEachRemaining(StreamSpliterators.java:312)
	at 	at java.base/java.util.stream.Streams$ConcatSpliterator.forEachRemaining(Streams.java:735)
	at 	at java.base/java.util.stream.Streams$ConcatSpliterator.forEachRemaining(Streams.java:734)
	at 	at java.base/java.util.stream.ReferencePipeline$Head.forEach(ReferencePipeline.java:658)
	at 	at org.junit.jupiter.engine.descriptor.ClassBasedTestDescriptor.invokeTestInstancePostProcessors(ClassBasedTestDescriptor.java:336)
	at 	at org.junit.jupiter.engine.descriptor.ClassBasedTestDescriptor.instantiateAndPostProcessTestInstance(ClassBasedTestDescriptor.java:259)
	at 	at org.junit.jupiter.engine.descriptor.ClassBasedTestDescriptor.lambda$testInstancesProvider$2(ClassBasedTestDescriptor.java:252)
	at 	at java.base/java.util.Optional.orElseGet(Optional.java:369)
	at 	at org.junit.jupiter.engine.descriptor.ClassBasedTestDescriptor.lambda$testInstancesProvider$3(ClassBasedTestDescriptor.java:251)
	at 	at org.junit.jupiter.engine.execution.TestInstancesProvider.getTestInstances(TestInstancesProvider.java:29)
	at 	at org.junit.jupiter.engine.descriptor.TestMethodTestDescriptor.lambda$prepare$0(TestMethodTestDescriptor.java:106)
	at 	at org.junit.platform.engine.support.hierarchical.ThrowableCollector.execute(ThrowableCollector.java:73)
	at 	at org.junit.jupiter.engine.descriptor.TestMethodTestDescriptor.prepare(TestMethodTestDescriptor.java:105)
	at 	at org.junit.jupiter.engine.descriptor.TestMethodTestDescriptor.prepare(TestMethodTestDescriptor.java:69)
	at 	at org.junit.platform.engine.support.hierarchical.NodeTestTask.lambda$prepare$1(NodeTestTask.java:107)
	at 	at org.junit.platform.engine.support.hierarchical.ThrowableCollector.execute(ThrowableCollector.java:73)
	at 	at org.junit.platform.engine.support.hierarchical.NodeTestTask.prepare(NodeTestTask.java:107)
	at 	at org.junit.platform.engine.support.hierarchical.NodeTestTask.execute(NodeTestTask.java:75)
	at 	at java.base/java.util.ArrayList.forEach(ArrayList.java:1540)
	at 	at org.junit.platform.engine.support.hierarchical.SameThreadHierarchicalTestExecutorService.invokeAll(SameThreadHierarchicalTestExecutorService.java:38)
	at 	at org.junit.platform.engine.support.hierarchical.NodeTestTask.lambda$executeRecursively$5(NodeTestTask.java:139)
	at 	at org.junit.platform.engine.support.hierarchical.ThrowableCollector.execute(ThrowableCollector.java:73)
	at 	at org.junit.platform.engine.support.hierarchical.NodeTestTask.lambda$executeRecursively$7(NodeTestTask.java:125)
	at 	at org.junit.platform.engine.support.hierarchical.Node.around(Node.java:135)
	at 	at org.junit.platform.engine.support.hierarchical.NodeTestTask.lambda$executeRecursively$8(NodeTestTask.java:123)
	at 	at org.junit.platform.engine.support.hierarchical.ThrowableCollector.execute(ThrowableCollector.java:73)
	at 	at org.junit.platform.engine.support.hierarchical.NodeTestTask.executeRecursively(NodeTestTask.java:122)
	at 	at org.junit.platform.engine.support.hierarchical.NodeTestTask.execute(NodeTestTask.java:80)
	at 	at java.base/java.util.ArrayList.forEach(ArrayList.java:1540)
	at 	at org.junit.platform.engine.support.hierarchical.SameThreadHierarchicalTestExecutorService.invokeAll(SameThreadHierarchicalTestExecutorService.java:38)
	at 	at org.junit.platform.engine.support.hierarchical.NodeTestTask.lambda$executeRecursively$5(NodeTestTask.java:139)
	at 	at org.junit.platform.engine.support.hierarchical.ThrowableCollector.execute(ThrowableCollector.java:73)
	at 	at org.junit.platform.engine.support.hierarchical.NodeTestTask.lambda$executeRecursively$7(NodeTestTask.java:125)
	at 	at org.junit.platform.engine.support.hierarchical.Node.around(Node.java:135)
	at 	at org.junit.platform.engine.support.hierarchical.NodeTestTask.lambda$executeRecursively$8(NodeTestTask.java:123)
	at 	at org.junit.platform.engine.support.hierarchical.ThrowableCollector.execute(ThrowableCollector.java:73)
	at 	at org.junit.platform.engine.support.hierarchical.NodeTestTask.executeRecursively(NodeTestTask.java:122)
	at 	at org.junit.platform.engine.support.hierarchical.NodeTestTask.execute(NodeTestTask.java:80)
	at 	at org.junit.platform.engine.support.hierarchical.SameThreadHierarchicalTestExecutorService.submit(SameThreadHierarchicalTestExecutorService.java:32)
	at 	at org.junit.platform.engine.support.hierarchical.HierarchicalTestExecutor.execute(HierarchicalTestExecutor.java:57)
	at 	at org.junit.platform.engine.support.hierarchical.HierarchicalTestEngine.execute(HierarchicalTestEngine.java:51)
	at 	at org.junit.platform.launcher.core.DefaultLauncher.execute(DefaultLauncher.java:220)
	at 	at org.junit.platform.launcher.core.DefaultLauncher.lambda$execute$6(DefaultLauncher.java:188)
	at 	at org.junit.platform.launcher.core.DefaultLauncher.withInterceptedStreams(DefaultLauncher.java:202)
	at 	at org.junit.platform.launcher.core.DefaultLauncher.execute(DefaultLauncher.java:181)
	at 	at org.junit.platform.launcher.core.DefaultLauncher.execute(DefaultLauncher.java:128)
	at 	at org.apache.maven.surefire.junitplatform.JUnitPlatformProvider.invokeAllTests(JUnitPlatformProvider.java:150)
	at 	at org.apache.maven.surefire.junitplatform.JUnitPlatformProvider.invoke(JUnitPlatformProvider.java:124)
	at 	at org.apache.maven.surefire.booter.ForkedBooter.invokeProviderInSameClassLoader(ForkedBooter.java:384)
	at 	at org.apache.maven.surefire.booter.ForkedBooter.runSuitesInProcess(ForkedBooter.java:345)
	at 	at org.apache.maven.surefire.booter.ForkedBooter.execute(ForkedBooter.java:126)
	at 	at org.apache.maven.surefire.booter.ForkedBooter.main(ForkedBooter.java:418)
23:02:15,090 |-ERROR in ch.qos.logback.core.rolling.RollingFileAppender[file] - Appender [file] failed to append. java.lang.NullPointerException
	at java.lang.NullPointerException
	at 	at ch.qos.logback.core.OutputStreamAppender.writeBytes(OutputStreamAppender.java:199)
	at 	at ch.qos.logback.core.OutputStreamAppender.subAppend(OutputStreamAppender.java:231)
	at 	at ch.qos.logback.core.rolling.RollingFileAppender.subAppend(RollingFileAppender.java:235)
	at 	at ch.qos.logback.core.OutputStreamAppender.append(OutputStreamAppender.java:102)
	at 	at ch.qos.logback.core.UnsynchronizedAppenderBase.doAppend(UnsynchronizedAppenderBase.java:84)
	at 	at ch.qos.logback.core.spi.AppenderAttachableImpl.appendLoopOnAppenders(AppenderAttachableImpl.java:51)
	at 	at ch.qos.logback.classic.Logger.appendLoopOnAppenders(Logger.java:270)
	at 	at ch.qos.logback.classic.Logger.callAppenders(Logger.java:257)
	at 	at ch.qos.logback.classic.Logger.buildLoggingEventAndAppend(Logger.java:421)
	at 	at ch.qos.logback.classic.Logger.filterAndLog_0_Or3Plus(Logger.java:383)
	at 	at ch.qos.logback.classic.Logger.log(Logger.java:765)
	at 	at org.apache.commons.logging.LogAdapter$Slf4jLocationAwareLog.trace(LogAdapter.java:477)
	at 	at org.springframework.core.env.PropertySourcesPropertyResolver.getProperty(PropertySourcesPropertyResolver.java:82)
	at 	at org.springframework.core.env.PropertySourcesPropertyResolver.getProperty(PropertySourcesPropertyResolver.java:68)
	at 	at org.springframework.core.env.AbstractPropertyResolver.getProperty(AbstractPropertyResolver.java:175)
	at 	at org.springframework.core.env.AbstractEnvironment.getProperty(AbstractEnvironment.java:553)
	at 	at org.springframework.boot.SpringApplication.configureIgnoreBeanInfo(SpringApplication.java:530)
	at 	at org.springframework.boot.SpringApplication.run(SpringApplication.java:309)
	at 	at org.springframework.boot.test.context.SpringBootContextLoader.loadContext(SpringBootContextLoader.java:125)
	at 	at org.springframework.test.context.cache.DefaultCacheAwareContextLoaderDelegate.loadContextInternal(DefaultCacheAwareContextLoaderDelegate.java:99)
	at 	at org.springframework.test.context.cache.DefaultCacheAwareContextLoaderDelegate.loadContext(DefaultCacheAwareContextLoaderDelegate.java:124)
	at 	at org.springframework.test.context.support.DefaultTestContext.getApplicationContext(DefaultTestContext.java:123)
	at 	at org.springframework.test.context.web.ServletTestExecutionListener.setUpRequestContextIfNecessary(ServletTestExecutionListener.java:190)
	at 	at org.springframework.test.context.web.ServletTestExecutionListener.prepareTestInstance(ServletTestExecutionListener.java:132)
	at 	at org.springframework.test.context.TestContextManager.prepareTestInstance(TestContextManager.java:244)
	at 	at org.springframework.test.context.junit.jupiter.SpringExtension.postProcessTestInstance(SpringExtension.java:98)
	at 	at org.junit.jupiter.engine.descriptor.ClassBasedTestDescriptor.lambda$invokeTestInstancePostProcessors$5(ClassBasedTestDescriptor.java:337)
	at 	at org.junit.jupiter.engine.descriptor.ClassBasedTestDescriptor.executeAndMaskThrowable(ClassBasedTestDescriptor.java:342)
	at 	at org.junit.jupiter.engine.descriptor.ClassBasedTestDescriptor.lambda$invokeTestInstancePostProcessors$6(ClassBasedTestDescriptor.java:337)
	at 	at java.base/java.util.stream.ReferencePipeline$3$1.accept(ReferencePipeline.java:195)
	at 	at java.base/java.util.stream.ReferencePipeline$2$1.accept(ReferencePipeline.java:177)
	at 	at java.base/java.util.ArrayList$ArrayListSpliterator.forEachRemaining(ArrayList.java:1654)
	at 	at java.base/java.util.stream.AbstractPipeline.copyInto(AbstractPipeline.java:484)
	at 	at java.base/java.util.stream.AbstractPipeline.wrapAndCopyInto(AbstractPipeline.java:474)
	at 	at java.base/java.util.stream.StreamSpliterators$WrappingSpliterator.forEachRemaining(StreamSpliterators.java:312)
	at 	at java.base/java.util.stream.Streams$ConcatSpliterator.forEachRemaining(Streams.java:735)
	at 	at java.base/java.util.stream.Streams$ConcatSpliterator.forEachRemaining(Streams.java:734)
	at 	at java.base/java.util.stream.ReferencePipeline$Head.forEach(ReferencePipeline.java:658)
	at 	at org.junit.jupiter.engine.descriptor.ClassBasedTestDescriptor.invokeTestInstancePostProcessors(ClassBasedTestDescriptor.java:336)
	at 	at org.junit.jupiter.engine.descriptor.ClassBasedTestDescriptor.instantiateAndPostProcessTestInstance(ClassBasedTestDescriptor.java:259)
	at 	at org.junit.jupiter.engine.descriptor.ClassBasedTestDescriptor.lambda$testInstancesProvider$2(ClassBasedTestDescriptor.java:252)
	at 	at java.base/java.util.Optional.orElseGet(Optional.java:369)
	at 	at org.junit.jupiter.engine.descriptor.ClassBasedTestDescriptor.lambda$testInstancesProvider$3(ClassBasedTestDescriptor.java:251)
	at 	at org.junit.jupiter.engine.execution.TestInstancesProvider.getTestInstances(TestInstancesProvider.java:29)
	at 	at org.junit.jupiter.engine.descriptor.TestMethodTestDescriptor.lambda$prepare$0(TestMethodTestDescriptor.java:106)
	at 	at org.junit.platform.engine.support.hierarchical.ThrowableCollector.execute(ThrowableCollector.java:73)
	at 	at org.junit.jupiter.engine.descriptor.TestMethodTestDescriptor.prepare(TestMethodTestDescriptor.java:105)
	at 	at org.junit.jupiter.engine.descriptor.TestMethodTestDescriptor.prepare(TestMethodTestDescriptor.java:69)
	at 	at org.junit.platform.engine.support.hierarchical.NodeTestTask.lambda$prepare$1(NodeTestTask.java:107)
	at 	at org.junit.platform.engine.support.hierarchical.ThrowableCollector.execute(ThrowableCollector.java:73)
	at 	at org.junit.platform.engine.support.hierarchical.NodeTestTask.prepare(NodeTestTask.java:107)
	at 	at org.junit.platform.engine.support.hierarchical.NodeTestTask.execute(NodeTestTask.java:75)
	at 	at java.base/java.util.ArrayList.forEach(ArrayList.java:1540)
	at 	at org.junit.platform.engine.support.hierarchical.SameThreadHierarchicalTestExecutorService.invokeAll(SameThreadHierarchicalTestExecutorService.java:38)
	at 	at org.junit.platform.engine.support.hierarchical.NodeTestTask.lambda$executeRecursively$5(NodeTestTask.java:139)
	at 	at org.junit.platform.engine.support.hierarchical.ThrowableCollector.execute(ThrowableCollector.java:73)
	at 	at org.junit.platform.engine.support.hierarchical.NodeTestTask.lambda$executeRecursively$7(NodeTestTask.java:125)
	at 	at org.junit.platform.engine.support.hierarchical.Node.around(Node.java:135)
	at 	at org.junit.platform.engine.support.hierarchical.NodeTestTask.lambda$executeRecursively$8(NodeTestTask.java:123)
	at 	at org.junit.platform.engine.support.hierarchical.ThrowableCollector.execute(ThrowableCollector.java:73)
	at 	at org.junit.platform.engine.support.hierarchical.NodeTestTask.executeRecursively(NodeTestTask.java:122)
	at 	at org.junit.platform.engine.support.hierarchical.NodeTestTask.execute(NodeTestTask.java:80)
	at 	at java.base/java.util.ArrayList.forEach(ArrayList.java:1540)
	at 	at org.junit.platform.engine.support.hierarchical.SameThreadHierarchicalTestExecutorService.invokeAll(SameThreadHierarchicalTestExecutorService.java:38)
	at 	at org.junit.platform.engine.support.hierarchical.NodeTestTask.lambda$executeRecursively$5(NodeTestTask.java:139)
	at 	at org.junit.platform.engine.support.hierarchical.ThrowableCollector.execute(ThrowableCollector.java:73)
	at 	at org.junit.platform.engine.support.hierarchical.NodeTestTask.lambda$executeRecursively$7(NodeTestTask.java:125)
	at 	at org.junit.platform.engine.support.hierarchical.Node.around(Node.java:135)
	at 	at org.junit.platform.engine.support.hierarchical.NodeTestTask.lambda$executeRecursively$8(NodeTestTask.java:123)
	at 	at org.junit.platform.engine.support.hierarchical.ThrowableCollector.execute(ThrowableCollector.java:73)
	at 	at org.junit.platform.engine.support.hierarchical.NodeTestTask.executeRecursively(NodeTestTask.java:122)
	at 	at org.junit.platform.engine.support.hierarchical.NodeTestTask.execute(NodeTestTask.java:80)
	at 	at org.junit.platform.engine.support.hierarchical.SameThreadHierarchicalTestExecutorService.submit(SameThreadHierarchicalTestExecutorService.java:32)
	at 	at org.junit.platform.engine.support.hierarchical.HierarchicalTestExecutor.execute(HierarchicalTestExecutor.java:57)
	at 	at org.junit.platform.engine.support.hierarchical.HierarchicalTestEngine.execute(HierarchicalTestEngine.java:51)
	at 	at org.junit.platform.launcher.core.DefaultLauncher.execute(DefaultLauncher.java:220)
	at 	at org.junit.platform.launcher.core.DefaultLauncher.lambda$execute$6(DefaultLauncher.java:188)
	at 	at org.junit.platform.launcher.core.DefaultLauncher.withInterceptedStreams(DefaultLauncher.java:202)
	at 	at org.junit.platform.launcher.core.DefaultLauncher.execute(DefaultLauncher.java:181)
	at 	at org.junit.platform.launcher.core.DefaultLauncher.execute(DefaultLauncher.java:128)
	at 	at org.apache.maven.surefire.junitplatform.JUnitPlatformProvider.invokeAllTests(JUnitPlatformProvider.java:150)
	at 	at org.apache.maven.surefire.junitplatform.JUnitPlatformProvider.invoke(JUnitPlatformProvider.java:124)
	at 	at org.apache.maven.surefire.booter.ForkedBooter.invokeProviderInSameClassLoader(ForkedBooter.java:384)
	at 	at org.apache.maven.surefire.booter.ForkedBooter.runSuitesInProcess(ForkedBooter.java:345)
	at 	at org.apache.maven.surefire.booter.ForkedBooter.execute(ForkedBooter.java:126)
	at 	at org.apache.maven.surefire.booter.ForkedBooter.main(ForkedBooter.java:418)

  .   ____          _            __ _ _
 /\\ / ___'_ __ _ _(_)_ __  __ _ \ \ \ \
( ( )\___ | '_ | '_| | '_ \/ _` | \ \ \ \
 \\/  ___)| |_)| | | | | || (_| |  ) ) ) )
  '  |____| .__|_| |_|_| |_\__, | / / / /
 =========|_|==============|___/=/_/_/_/
 :: Spring Boot ::        (v2.2.2.RELEASE)

&amp#27;[1;30m20-01-28 15:02:15&amp#27;[0;39m &amp#27;[34mINFO&amp#27;[0;39m :: [main] &amp#27;[36mt.x.g.UserMapperTest&amp#27;[0;39m@&amp#27;[37m55&amp#27;[0;39m &amp#27;[1;30m~&amp#27;[0;39m &amp#27;[37mStarting UserMapperTest on xuanc-pc with PID 28833 (started by xuanc in /home/xuanc/桌面/GroupBlog)
&amp#27;[0;39m&amp#27;[1;30m20-01-28 15:02:15&amp#27;[0;39m &amp#27;[34mINFO&amp#27;[0;39m :: [main] &amp#27;[36mt.x.g.UserMapperTest&amp#27;[0;39m@&amp#27;[37m651&amp#27;[0;39m &amp#27;[1;30m~&amp#27;[0;39m &amp#27;[37mNo active profile set, falling back to default profiles: default
&amp#27;[0;39m&amp#27;[1;30m20-01-28 15:02:17&amp#27;[0;39m &amp#27;[34mINFO&amp#27;[0;39m :: [main] &amp#27;[36mt.x.g.p.i.SeleniumProcessor&amp#27;[0;39m@&amp#27;[37m51&amp#27;[0;39m &amp#27;[1;30m~&amp#27;[0;39m &amp#27;[37mprocessor[class top.xcphoenix.groupblog.processor.impl.SeleniumProcessor] init
&amp#27;[0;39m&amp#27;[1;30m20-01-28 15:02:18&amp#27;[0;39m &amp#27;[34mINFO&amp#27;[0;39m :: [main] &amp#27;[36mo.l.p.i.DefaultHttpProxyServer&amp#27;[0;39m@&amp#27;[37m495&amp#27;[0;39m &amp#27;[1;30m~&amp#27;[0;39m &amp#27;[37mStarting proxy at address: 0.0.0.0/0.0.0.0:0
&amp#27;[0;39m&amp#27;[1;30m20-01-28 15:02:18&amp#27;[0;39m &amp#27;[34mINFO&amp#27;[0;39m :: [main] &amp#27;[36mo.l.p.i.DefaultHttpProxyServer&amp#27;[0;39m@&amp#27;[37m524&amp#27;[0;39m &amp#27;[1;30m~&amp#27;[0;39m &amp#27;[37mProxy listening with TCP transport
&amp#27;[0;39m&amp#27;[1;30m20-01-28 15:02:18&amp#27;[0;39m &amp#27;[34mINFO&amp#27;[0;39m :: [main] &amp#27;[36mo.l.p.i.DefaultHttpProxyServer&amp#27;[0;39m@&amp#27;[37m559&amp#27;[0;39m &amp#27;[1;30m~&amp#27;[0;39m &amp#27;[37mProxy started at address: /0:0:0:0:0:0:0:0:40941
&amp#27;[0;39m&amp#27;[1;30m20-01-28 15:02:18&amp#27;[0;39m &amp#27;[34mINFO&amp#27;[0;39m :: [Forwarding newSession on session null to remote] &amp#27;[36mo.o.s.r.ProtocolHandshake&amp#27;[0;39m@&amp#27;[37m78&amp#27;[0;39m &amp#27;[1;30m~&amp#27;[0;39m &amp#27;[37mDetected dialect: W3C
&amp#27;[0;39m&amp#27;[1;30m20-01-28 15:02:19&amp#27;[0;39m &amp#27;[34mINFO&amp#27;[0;39m :: [main] &amp#27;[36mo.s.s.c.ThreadPoolTaskExecutor&amp#27;[0;39m@&amp#27;[37m171&amp#27;[0;39m &amp#27;[1;30m~&amp#27;[0;39m &amp#27;[37mInitializing ExecutorService 'applicationTaskExecutor'
&amp#27;[0;39m&amp#27;[1;30m20-01-28 15:02:19&amp#27;[0;39m &amp#27;[34mINFO&amp#27;[0;39m :: [main] &amp#27;[36mo.s.b.a.w.s.WelcomePageHandlerMapping&amp#27;[0;39m@&amp#27;[37m58&amp#27;[0;39m &amp#27;[1;30m~&amp#27;[0;39m &amp#27;[37mAdding welcome page template: index
&amp#27;[0;39m&amp#27;[1;30m20-01-28 15:02:20&amp#27;[0;39m &amp#27;[34mINFO&amp#27;[0;39m :: [main] &amp#27;[36mo.s.s.c.ThreadPoolTaskScheduler&amp#27;[0;39m@&amp#27;[37m171&amp#27;[0;39m &amp#27;[1;30m~&amp#27;[0;39m &amp#27;[37mInitializing ExecutorService 'taskScheduler'
&amp#27;[0;39m&amp#27;[1;30m20-01-28 15:02:20&amp#27;[0;39m &amp#27;[34mINFO&amp#27;[0;39m :: [main] &amp#27;[36mt.x.g.UserMapperTest&amp#27;[0;39m@&amp#27;[37m61&amp#27;[0;39m &amp#27;[1;30m~&amp#27;[0;39m &amp#27;[37mStarted UserMapperTest in 5.55 seconds (JVM running for 7.135)
&amp#27;[0;39m]]></system-out>
    <system-err><![CDATA[Starting ChromeDriver 78.0.3904.105 (60e2d8774a8151efa6a00b1f358371b1e0e07ee2-refs/branch-heads/3904@{#877}) on port 22168
Only local connections are allowed.
Please protect ports used by ChromeDriver and related test frameworks to prevent access by malicious code.
[1580223738.734][WARNING]: This version of ChromeDriver has not been tested with Chrome version 79.
]]></system-err>
  </testcase>
</testsuite>